[2024-12-13T00:03:37.579Z] Starting services...
[2024-12-13T00:03:37.581Z] Starting XR-IT Manager...
[2024-12-13T00:03:37.691Z] Docker is installed.
[2024-12-13T00:03:37.978Z] WARNING: SoftEther VPN Client is not installed or not in PATH.
[2024-12-13T00:03:38.031Z] Git is installed.
[2024-12-13T00:03:38.031Z] Cloning the repository...
[2024-12-13T00:04:07.161Z] Fixing line ending issues...
[2024-12-13T00:04:14.411Z] Starting node-middleman...
[2024-12-13T00:04:14.412Z] Installing dependencies in node-middleman directory...
[2024-12-13T00:04:20.027Z] Dependencies installed successfully.
[2024-12-13T00:04:20.028Z] Starting node-middleman using npm start...
[2024-12-13T00:04:20.038Z] node-middleman started successfully.
[2024-12-13T00:04:20.041Z] Launching Docker containers...
[2024-12-13T00:04:23.058Z] Docker containers launched successfully.
[2024-12-13T00:04:23.058Z] Verifying if node-middleman is accessible on port 2224...
[2024-12-13T00:04:24.353Z] node-middleman is running and verified.
[2024-12-13T00:04:24.354Z] All services started successfully.
[2024-12-13T00:04:28.733Z] Exiting XR-IT Client Manager.
[2024-12-13T00:04:28.734Z] Stopping node-middleman...
[2024-12-13T00:04:28.735Z] ERROR: Failed to stop node-middleman. kill ESRCH
[2024-12-13T00:04:28.778Z] Port 2224 is still in use. Attempting to release...
[2024-12-13T00:04:28.912Z] Port 2224 released successfully.
[2024-12-13T00:04:28.913Z] Stopping Docker containers...
[2024-12-13T00:04:30.463Z] Docker containers stopped successfully.
[2024-12-13T00:04:30.463Z] Goodbye!
[2024-12-13T00:04:30.498Z] Port 2224 is still in use. Attempting to force cleanup...
[2024-12-13T00:04:30.587Z] Error during cleanup: Command failed: taskkill /F /PID 2224
[2024-12-13T00:31:50.660Z] Starting services...
[2024-12-13T00:31:50.661Z] Starting XR-IT Manager...
[2024-12-13T00:31:50.777Z] Docker is installed.
[2024-12-13T00:31:51.148Z] WARNING: SoftEther VPN Client is not installed or not in PATH.
[2024-12-13T00:31:51.191Z] Git is installed.
[2024-12-13T00:31:51.192Z] Repository already exists. Pulling the latest changes...
[2024-12-13T00:31:51.241Z] Fatal error: Command failed: git -C xr-it-client reset --hard HEAD
[2024-12-13T00:31:51.241Z] node-middleman is not running.
[2024-12-13T00:31:51.277Z] Stopping Docker containers...
[2024-12-13T00:31:51.705Z] Docker containers stopped successfully.
[2024-12-13T00:32:15.029Z] Starting services...
[2024-12-13T00:32:15.030Z] Starting XR-IT Manager...
[2024-12-13T00:32:15.162Z] Docker is installed.
[2024-12-13T00:32:15.527Z] WARNING: SoftEther VPN Client is not installed or not in PATH.
[2024-12-13T00:32:15.572Z] Git is installed.
[2024-12-13T00:32:15.573Z] Repository already exists. Pulling the latest changes...
[2024-12-13T00:32:15.619Z] Fatal error: Command failed: git -C xr-it-client reset --hard HEAD
[2024-12-13T00:32:15.619Z] node-middleman is not running.
[2024-12-13T00:32:15.655Z] Stopping Docker containers...
[2024-12-13T00:32:16.075Z] Docker containers stopped successfully.
[2024-12-13T00:32:38.119Z] Starting services...
[2024-12-13T00:32:38.120Z] Starting XR-IT Manager...
[2024-12-13T00:32:38.228Z] Docker is installed.
[2024-12-13T00:32:38.518Z] WARNING: SoftEther VPN Client is not installed or not in PATH.
[2024-12-13T00:32:38.563Z] Git is installed.
[2024-12-13T00:32:38.563Z] Repository already exists. Pulling the latest changes...
[2024-12-13T00:32:39.910Z] Fixing line ending issues...
[2024-12-13T00:32:52.471Z] Starting node-middleman...
[2024-12-13T00:32:52.472Z] Installing dependencies in node-middleman directory...
[2024-12-13T00:32:54.943Z] Dependencies installed successfully.
[2024-12-13T00:32:54.943Z] Starting node-middleman using npm start...
[2024-12-13T00:32:54.953Z] node-middleman started successfully.
[2024-12-13T00:32:54.953Z] Launching Docker containers...
[2024-12-13T00:32:57.515Z] Docker containers launched successfully.
[2024-12-13T00:32:57.515Z] Verifying if node-middleman is accessible on port 2224...
[2024-12-13T00:32:59.815Z] ERROR: node-middleman verification failed. Command failed: curl -m 30 -s http://localhost:2224/
[2024-12-13T00:32:59.816Z] Fatal error: Verification failed
[2024-12-13T00:32:59.818Z] Stopping node-middleman...
[2024-12-13T00:32:59.819Z] ERROR: Failed to stop node-middleman. kill ESRCH
[2024-12-13T00:32:59.867Z] Stopping Docker containers...
[2024-12-13T00:33:01.454Z] Docker containers stopped successfully.
[2024-12-13T00:35:38.178Z] Exiting XR-IT Client Manager.
[2024-12-13T00:35:38.179Z] node-middleman is not running.
[2024-12-13T00:35:38.227Z] Stopping Docker containers...
[2024-12-13T00:35:38.630Z] Docker containers stopped successfully.
[2024-12-13T00:35:38.630Z] Checking port 2224 for lingering processes...
[2024-12-13T00:35:38.662Z] No processes found on port 2224.
[2024-12-13T00:35:38.663Z] Goodbye!
[2024-12-13T00:35:44.250Z] Starting services...
[2024-12-13T00:35:44.251Z] Starting XR-IT Manager...
[2024-12-13T00:35:44.371Z] Docker is installed.
[2024-12-13T00:35:44.649Z] WARNING: SoftEther VPN Client is not installed or not in PATH.
[2024-12-13T00:35:44.697Z] Git is installed.
[2024-12-13T00:35:44.698Z] Repository already exists. Pulling the latest changes...
[2024-12-13T00:35:45.590Z] Fixing line ending issues...
[2024-12-13T00:35:48.323Z] Starting node-middleman...
[2024-12-13T00:35:48.324Z] Installing dependencies in node-middleman directory...
[2024-12-13T00:35:50.264Z] Dependencies installed successfully.
[2024-12-13T00:35:50.265Z] Starting node-middleman using npm start...
[2024-12-13T00:35:50.275Z] node-middleman started successfully.
[2024-12-13T00:35:50.276Z] Launching Docker containers...
[2024-12-13T00:35:52.922Z] Docker containers launched successfully.
[2024-12-13T00:35:52.922Z] Verifying if node-middleman is accessible on port 2224...
[2024-12-13T00:35:53.484Z] node-middleman is running and verified.
[2024-12-13T00:35:53.484Z] All services started successfully.
[2024-12-13T00:35:55.607Z] Exiting XR-IT Client Manager.
[2024-12-13T00:35:55.607Z] Stopping node-middleman...
[2024-12-13T00:35:55.608Z] ERROR: Failed to stop node-middleman. kill ESRCH
[2024-12-13T00:35:55.646Z] Port 2224 is still in use. Attempting to release...
[2024-12-13T00:35:55.678Z] ERROR: Failed to release port 2224. Cannot read properties of null (reading '0')
[2024-12-13T00:35:55.678Z] Stopping Docker containers...
[2024-12-13T00:35:57.298Z] Docker containers stopped successfully.
[2024-12-13T00:35:57.299Z] Checking port 2224 for lingering processes...
[2024-12-13T00:35:57.347Z] Found processes on port 2224: 19136, 0
[2024-12-13T00:35:57.482Z] Killed process 19136 on port 2224.
[2024-12-13T00:35:57.573Z] ERROR: Could not kill process 0: Command failed: taskkill /F /PID 0
[2024-12-13T00:35:57.573Z] Goodbye!
[2024-12-13T00:36:06.425Z] Starting services...
[2024-12-13T00:36:06.426Z] Starting XR-IT Manager...
[2024-12-13T00:36:06.547Z] Docker is installed.
[2024-12-13T00:36:06.902Z] WARNING: SoftEther VPN Client is not installed or not in PATH.
[2024-12-13T00:36:06.953Z] Git is installed.
[2024-12-13T00:36:06.953Z] Repository already exists. Pulling the latest changes...
[2024-12-13T00:36:06.999Z] Fatal error: Command failed: git -C xr-it-client reset --hard HEAD
[2024-12-13T00:36:06.999Z] node-middleman is not running.
[2024-12-13T00:36:07.038Z] Port 2224 is still in use. Attempting to release...
[2024-12-13T00:36:07.070Z] ERROR: Failed to release port 2224. Cannot read properties of null (reading '0')
[2024-12-13T00:36:07.071Z] Stopping Docker containers...
[2024-12-13T00:36:07.534Z] Docker containers stopped successfully.
[2024-12-13T00:36:14.645Z] Starting services...
[2024-12-13T00:36:14.646Z] Starting XR-IT Manager...
[2024-12-13T00:36:14.754Z] Docker is installed.
[2024-12-13T00:36:15.030Z] WARNING: SoftEther VPN Client is not installed or not in PATH.
[2024-12-13T00:36:15.084Z] Git is installed.
[2024-12-13T00:36:15.085Z] Repository already exists. Pulling the latest changes...
[2024-12-13T00:36:16.107Z] Fixing line ending issues...
[2024-12-13T00:36:21.259Z] Starting node-middleman...
[2024-12-13T00:36:21.260Z] Installing dependencies in node-middleman directory...
[2024-12-13T00:36:22.752Z] Dependencies installed successfully.
[2024-12-13T00:36:22.752Z] Starting node-middleman using npm start...
[2024-12-13T00:36:22.762Z] node-middleman started successfully.
[2024-12-13T00:36:22.763Z] Launching Docker containers...
[2024-12-13T00:36:25.045Z] Docker containers launched successfully.
[2024-12-13T00:36:25.046Z] Verifying if node-middleman is accessible on port 2224...
[2024-12-13T00:36:26.124Z] node-middleman is running and verified.
[2024-12-13T00:36:26.124Z] All services started successfully.
[2024-12-13T00:36:32.978Z] Exiting XR-IT Client Manager.
[2024-12-13T00:36:32.979Z] Stopping node-middleman...
[2024-12-13T00:36:32.979Z] ERROR: Failed to stop node-middleman. kill ESRCH
[2024-12-13T00:36:33.066Z] Port 2224 is still in use. Attempting to release...
[2024-12-13T00:36:33.101Z] ERROR: Failed to release port 2224. Cannot read properties of null (reading '0')
[2024-12-13T00:36:33.102Z] Stopping Docker containers...
[2024-12-13T00:36:34.645Z] Docker containers stopped successfully.
[2024-12-13T00:36:34.645Z] Checking port 2224 for lingering processes...
[2024-12-13T00:36:34.682Z] Found processes on port 2224: 1020, 0
[2024-12-13T00:36:34.790Z] Killed process 1020 on port 2224.
[2024-12-13T00:36:34.887Z] ERROR: Could not kill process 0: Command failed: taskkill /F /PID 0
[2024-12-13T00:36:34.888Z] Goodbye!
